#
# A fatal error has been detected by the Java Runtime Environment:
#
#  SIGSEGV (0xb) at pc=0x00007f3087412af1, pid=6344, tid=139846265853696
#
# JRE version: Java(TM) SE Runtime Environment (7.0_67-b01) (build 1.7.0_67-b01)
# Java VM: Java HotSpot(TM) 64-Bit Server VM (24.65-b04 mixed mode linux-amd64 compressed oops)
# Problematic frame:
# C  [libLeapJava.so+0x14af1]  SwigDirector_Listener::onFrame(Leap::Controller const&)+0x71
#
# Failed to write core dump. Core dumps have been disabled. To enable core dumping, try "ulimit -c unlimited" before starting Java again
#
# If you would like to submit a bug report, please visit:
#   http://bugreport.sun.com/bugreport/crash.jsp
#

---------------  T H R E A D  ---------------

Current thread is native thread

siginfo:si_signo=SIGSEGV: si_errno=0, si_code=1 (SEGV_MAPERR), si_addr=0x0000000000000000

Registers:
RAX=0x00000000ffffffff, RBX=0x00007f30801b24a0, RCX=0x0000000000000000, RDX=0x0000000000000000
RSP=0x00007f307effcdc0, RBP=0x0000000000000000, RSI=0x00007f3080002168, RDI=0x00007f30dfef5048
R8 =0x0000000000000000, R9 =0x0000000000000000, R10=0x000000000000003c, R11=0x0000000000000000
R12=0x00007f30801567a0, R13=0x0000000000000000, R14=0x0000000000000000, R15=0x0000000000000001
RIP=0x00007f3087412af1, EFLAGS=0x0000000000010202, CSGSFS=0x0000000000000033, ERR=0x0000000000000004
  TRAPNO=0x000000000000000e

Top of Stack: (sp=0x00007f307effcdc0)
0x00007f307effcdc0:   00007f30801b24a8 0000000000000000
0x00007f307effcdd0:   00007f30fffffffe 00007f30801567a0
0x00007f307effcde0:   00007f30801b24a0 00007f305c00b780
0x00007f307effcdf0:   00007f30801567a0 00007f3086fbfaec
0x00007f307effce00:   00007f307effce88 0000000000000000
0x00007f307effce10:   00007f308015b050 00007f307effce80
0x00007f307effce20:   00007f305c00b6f0 00007f308015b528
0x00007f307effce30:   00007f307effce58 00007f308015b500
0x00007f307effce40:   00007f308015b4d8 00007f307effce50
0x00007f307effce50:   00007f308015b208 00007f3000000000
0x00007f307effce60:   00007f305c00b6f0 00007f305c00b6f0
0x00007f307effce70:   00007f305c00b6f0 0000000000000001
0x00007f307effce80:   00007f308015b238 00007f3000000000
0x00007f307effce90:   00007f305c00b780 00007f305c00b780
0x00007f307effcea0:   00007f305c00b780 0000000000000001
0x00007f307effceb0:   0000000000000000 00007f30801b2a10
0x00007f307effcec0:   00007f3080169f00 0000000000000000
0x00007f307effced0:   0000000000000000 00007f307effd9c0
0x00007f307effcee0:   00007f307effd700 00007f308703a7aa
0x00007f307effcef0:   0000000000000000 00007f307effd700
0x00007f307effcf00:   0000000000000000 0000000000000000
0x00007f307effcf10:   0000000000000000 00007f30e073b182
0x00007f307effcf20:   0000000000000000 00007f307effd700
0x00007f307effcf30:   00007f307effd700 4955cd3842cbaa5e
0x00007f307effcf40:   0000000000000000 0000000000000000
0x00007f307effcf50:   00007f307effd9c0 00007f307effd700
0x00007f307effcf60:   b73530c7dc8baa5e b7340ddf2051aa5e
0x00007f307effcf70:   0000000000000000 0000000000000000
0x00007f307effcf80:   0000000000000000 0000000000000000
0x00007f307effcf90:   0000000000000000 0000000000000000
0x00007f307effcfa0:   0000000000000000 0000000000000000
0x00007f307effcfb0:   00007f307effd700 00007f30e004cfbd 

Instructions: (pc=0x00007f3087412af1)
0x00007f3087412ad1:   07 ff 50 20 80 7b 2c 00 48 8b 6c 24 08 0f 84 8c
0x00007f3087412ae1:   00 00 00 48 8b 73 18 48 85 f6 0f 84 9f 00 00 00
0x00007f3087412af1:   48 8b 45 00 48 89 ef ff 90 c8 00 00 00 48 85 c0
0x00007f3087412b01:   48 89 c3 0f 84 86 00 00 00 48 8b 45 00 31 d2 48 

Register to memory mapping:

RAX=0x00000000ffffffff is an unallocated location in the heap
RBX=0x00007f30801b24a0 is an unknown value
RCX=0x0000000000000000 is an unknown value
RDX=0x0000000000000000 is an unknown value
RSP=0x00007f307effcdc0 is an unknown value
RBP=0x0000000000000000 is an unknown value
RSI=0x00007f3080002168 is a weak global jni handle
RDI=0x00007f30dfef5048: <offset 0xe17048> in /usr/local/java/jdk1.7.0_67/jre/lib/amd64/server/libjvm.so at 0x00007f30df0de000
R8 =0x0000000000000000 is an unknown value
R9 =0x0000000000000000 is an unknown value
R10=0x000000000000003c is an unknown value
R11=0x0000000000000000 is an unknown value
R12=0x00007f30801567a0 is an unknown value
R13=0x0000000000000000 is an unknown value
R14=0x0000000000000000 is an unknown value
R15=0x0000000000000001 is an unknown value


Stack: [0x00007f307e7fd000,0x00007f307effe000],  sp=0x00007f307effcdc0,  free space=8191k
Native frames: (J=compiled Java code, j=interpreted, Vv=VM code, C=native code)
C  [libLeapJava.so+0x14af1]  SwigDirector_Listener::onFrame(Leap::Controller const&)+0x71

[error occurred during error reporting (printing native stack), id 0xb]


---------------  P R O C E S S  ---------------

VM state:at safepoint (shutting down)

VM Mutex/Monitor currently owned by a thread:  ([mutex/lock_event])
[0x00007f30d8006210] Threads_lock - owner thread: 0x00007f30d8067800

Heap
 PSYoungGen      total 16384K, used 2529K [0x00000000ebe00000, 0x00000000ecf00000, 0x0000000100000000)
  eden space 15872K, 15% used [0x00000000ebe00000,0x00000000ec0607e0,0x00000000ecd80000)
  from space 512K, 18% used [0x00000000ece80000,0x00000000ece98000,0x00000000ecf00000)
  to   space 512K, 0% used [0x00000000ece00000,0x00000000ece00000,0x00000000ece80000)
 ParOldGen       total 40960K, used 19885K [0x00000000c3a00000, 0x00000000c6200000, 0x00000000ebe00000)
  object space 40960K, 48% used [0x00000000c3a00000,0x00000000c4d6b658,0x00000000c6200000)
 PSPermGen       total 21504K, used 11436K [0x00000000be800000, 0x00000000bfd00000, 0x00000000c3a00000)
  object space 21504K, 53% used [0x00000000be800000,0x00000000bf32b308,0x00000000bfd00000)

Card table byte_map: [0x00007f30de2af000,0x00007f30de4bc000] byte_map_base: 0x00007f30ddcbb000

Polling page: 0x00007f30e0b70000

